00:31:38 **** Incremental Build of configuration Release for project basicCtest ****
make all 
make: Nothing to be done for 'all'.
00:31:42 **** Incremental Build of configuration Debug for project TicTacToe ****
make all 
make: Nothing to be done for 'all'.
00:31:43 **** Incremental Build of configuration Release for project basicCtest ****
make all 
'Building file: ../main.c'
'Invoking: Compiler'
ccu8 -SD -ABW -TML620906 -ML -near -Fa"./" -Od -Zs -W1 "../main.c"
CCU8 C Compiler, Ver.3.66
Copyright (C) 2008-2020 LAPIS Technology Co., Ltd.

..\main.c

Error(s)     :  0
Warning(s)   :  0

'Finished building: ../main.c'
' '
'Building file: main.asm'
'Invoking: Assembler'
rasu8 -CD -ABW -SD -DN -ML -O"./" -WRPEAST -PR"main.prn" -L -NS -NR -NPL -NPW "main.asm"
RASU8 Relocatable Assembler, Ver.1.80
Copyright (C) 2008-2018 LAPIS Semiconductor Co., Ltd.

[E:/LAPIS/LEXIDE/Dcl\ML620906.dcl] loading...
  pass1...
  pass2...

  Print   File : main.prn
  Object  File : .\main.obj
  Error   File : Console

  Errors   : 0
  Warnings : 0  (/Wrpeast)
  Lines    : 60
  Assembly End.

'Finished building: main.asm'
' '
'Invoking: Linker'
rlu8 -D -SD -NS -CC -ABW  "./main.obj" "./startup.obj" ,"basicCtest.abs",,"LU8100LW.LIB";
RLU8 Object Linker, Ver.1.60
Copyright (C) 2008-2018 LAPIS Semiconductor Co., Ltd.

 Loading segments and symbols...
Warning W025: Cannot find segment '$$content_of_init'
Warning W025: Cannot find segment '$$end_of_init'
Warning W025: Cannot find segment '$$init_info'
Warning W025: Cannot find segment '$$init_info_end'
 Allocating segments...
Warning W011: CODE/TABLE segments overlap
 Writing fixed data...

 Absfile: basicCtest.abs
 Mapfile: basicCtest.map

 Total ROM usage = 001C8   (456)
 Total RAM usage = 00400   (1024)

 Linkage completed.
'Finished building: basicCtest.abs'
' '
'Building target: basicCtest.HEX'
'Invoking: Object converter'
CnvOHU8 -H  basicCtest.abs  "basicCtest.HEX";
OHU8 converter shell for LEXIDE-U16 v1.00
Ohu8.exe "/H" "basicCtest.abs" "basicCtest.HEX;"
OHU8 Object Converter, Ver.1.30
Copyright (C) 2008-2023 LAPIS Technology Co., Ltd.

Object was created by RLU8

Convert End.
'Finished building target: basicCtest.HEX'
' '
make --no-print-directory post-build
cd .. && %SYSTEMROOT%\System32\WindowsPowerShell\v1.0\powershell.exe Set-ExecutionPolicy -Scope CurrentUser -ExecutionPolicy RemoteSigned && %SYSTEMROOT%\System32\WindowsPowerShell\v1.0\powershell.exe -File Release.ps1
hex2bin v2.5, Copyright (C) 2017 Jacques Pelletier & contributors
Overlapped record detected
Overlapped record detected

Allocate_Memory_and_Rewind:
Lowest address:   00000000
Highest address:  000001C5
Starting address: 00000000
Max Length:       454

Binary file start = 00000000
Records start     = 00000000
Highest address   = 000001C5
Pad Byte          = FF
[Keyboard][Warn] Key 31 is being bind to a invalid or empty key ''
[Keyboard][Warn] Key 61 is being bind to a invalid or empty key ''
[Keyboard][Warn] Key 5 is being bind to a invalid or empty key ''
[Keyboard][Warn] Key 15 is being bind to a invalid or empty key ''
[Keyboard][Warn] Key 25 is being bind to a invalid or empty key ''
[Keyboard][Warn] Key 35 is being bind to a invalid or empty key ''
[Keyboard][Warn] Key 45 is being bind to a invalid or empty key ''
[Keyboard][Warn] Key 55 is being bind to a invalid or empty key ''
[Keyboard][Warn] Key 4 is being bind to a invalid or empty key ''
[Keyboard][Warn] Key 14 is being bind to a invalid or empty key ''
[Keyboard][Warn] Key 24 is being bind to a invalid or empty key ''
[Keyboard][Warn] Key 34 is being bind to a invalid or empty key ''
[Keyboard][Warn] Key 44 is being bind to a invalid or empty key ''
[Keyboard][Warn] Key 54 is being bind to a invalid or empty key ''
[Keyboard][Warn] Key 3 is being bind to a invalid or empty key ''
[Keyboard][Warn] Key 13 is being bind to a invalid or empty key ''
[Keyboard][Warn] Key 23 is being bind to a invalid or empty key ''
[Keyboard][Warn] Key 33 is being bind to a invalid or empty key ''
[Keyboard][Warn] Key 43 is being bind to a invalid or empty key ''
[Keyboard][Warn] Key 53 is being bind to a invalid or empty key ''
[BatteryBackedRAM][Warn] Can't read RAM image from ram.dmp
[UI][Info] Start to disasm ...
[UI][Info] Pass1: decoding opcodes...
[UI][Info] Pass2: handling xrefs...
[UI][Info] Pass3: applying xrefs...
[UI][Info] Finished!
[BatteryBackedRAM][Info] RAM image saved to ram.dmp
' '
00:32:05 **** Incremental Build of configuration Debug for project TicTacToe ****
make all 
make: Nothing to be done for 'all'.
00:32:06 **** Incremental Build of configuration Release for project basicCtest ****
make all 
make: Nothing to be done for 'all'.
00:33:46 **** Incremental Build of configuration Debug for project TicTacToe ****
make all 
make: Nothing to be done for 'all'.
00:33:46 **** Incremental Build of configuration Release for project basicCtest ****
make all 
'Building file: ../main.c'
'Invoking: Compiler'
ccu8 -SD -ABW -TML620906 -ML -near -Fa"./" -Od -Zs -W1 "../main.c"
CCU8 C Compiler, Ver.3.66
Copyright (C) 2008-2020 LAPIS Technology Co., Ltd.

..\main.c

Error(s)     :  0
Warning(s)   :  0

'Finished building: ../main.c'
' '
'Building file: main.asm'
'Invoking: Assembler'
rasu8 -CD -ABW -SD -DN -ML -O"./" -WRPEAST -PR"main.prn" -L -NS -NR -NPL -NPW "main.asm"
RASU8 Relocatable Assembler, Ver.1.80
Copyright (C) 2008-2018 LAPIS Semiconductor Co., Ltd.

[E:/LAPIS/LEXIDE/Dcl\ML620906.dcl] loading...
  pass1...
  pass2...

  Print   File : main.prn
  Object  File : .\main.obj
  Error   File : Console

  Errors   : 0
  Warnings : 0  (/Wrpeast)
  Lines    : 70
  Assembly End.

'Finished building: main.asm'
' '
'Invoking: Linker'
rlu8 -D -SD -NS -CC -ABW  "./main.obj" "./startup.obj" ,"basicCtest.abs",,"LU8100LW.LIB";
RLU8 Object Linker, Ver.1.60
Copyright (C) 2008-2018 LAPIS Semiconductor Co., Ltd.

 Loading segments and symbols...
Warning W025: Cannot find segment '$$content_of_init'
Warning W025: Cannot find segment '$$end_of_init'
Warning W025: Cannot find segment '$$init_info'
Warning W025: Cannot find segment '$$init_info_end'
 Allocating segments...
Warning W011: CODE/TABLE segments overlap
 Writing fixed data...

 Absfile: basicCtest.abs
 Mapfile: basicCtest.map

 Total ROM usage = 001D2   (466)
 Total RAM usage = 00400   (1024)

 Linkage completed.
'Finished building: basicCtest.abs'
' '
'Building target: basicCtest.HEX'
'Invoking: Object converter'
CnvOHU8 -H  basicCtest.abs  "basicCtest.HEX";
OHU8 converter shell for LEXIDE-U16 v1.00
Ohu8.exe "/H" "basicCtest.abs" "basicCtest.HEX;"
OHU8 Object Converter, Ver.1.30
Copyright (C) 2008-2023 LAPIS Technology Co., Ltd.

Object was created by RLU8

Convert End.
'Finished building target: basicCtest.HEX'
' '
make --no-print-directory post-build
cd .. && %SYSTEMROOT%\System32\WindowsPowerShell\v1.0\powershell.exe Set-ExecutionPolicy -Scope CurrentUser -ExecutionPolicy RemoteSigned && %SYSTEMROOT%\System32\WindowsPowerShell\v1.0\powershell.exe -File Release.ps1
hex2bin v2.5, Copyright (C) 2017 Jacques Pelletier & contributors

Allocate_Memory_and_Rewind:
Lowest address:   00000000
Highest address:  000001CF
Starting address: 00000000
Max Length:       464

Binary file start = 00000000
Records start     = 00000000
Highest address   = 000001CF
Pad Byte          = FF
Overlapped record detected
Overlapped record detected
INFO: Release All called!
INFO: Release All called!
INFO: Release All called!
[Keyboard][Warn] Key 31 is being bind to a invalid or empty key ''
[Keyboard][Warn] Key 61 is being bind to a invalid or empty key ''
[Keyboard][Warn] Key 5 is being bind to a invalid or empty key ''
[Keyboard][Warn] Key 15 is being bind to a invalid or empty key ''
[Keyboard][Warn] Key 25 is being bind to a invalid or empty key ''
[Keyboard][Warn] Key 35 is being bind to a invalid or empty key ''
[Keyboard][Warn] Key 45 is being bind to a invalid or empty key ''
[Keyboard][Warn] Key 55 is being bind to a invalid or empty key ''
[Keyboard][Warn] Key 4 is being bind to a invalid or empty key ''
[Keyboard][Warn] Key 14 is being bind to a invalid or empty key ''
[Keyboard][Warn] Key 24 is being bind to a invalid or empty key ''
[Keyboard][Warn] Key 34 is being bind to a invalid or empty key ''
[Keyboard][Warn] Key 44 is being bind to a invalid or empty key ''
[Keyboard][Warn] Key 54 is being bind to a invalid or empty key ''
[Keyboard][Warn] Key 3 is being bind to a invalid or empty key ''
[Keyboard][Warn] Key 13 is being bind to a invalid or empty key ''
[Keyboard][Warn] Key 23 is being bind to a invalid or empty key ''
[Keyboard][Warn] Key 33 is being bind to a invalid or empty key ''
[Keyboard][Warn] Key 43 is being bind to a invalid or empty key ''
[Keyboard][Warn] Key 53 is being bind to a invalid or empty key ''
[BatteryBackedRAM][Info] RAM image loaded from ram.dmp
[UI][Info] Start to disasm ...
[UI][Info] Pass1: decoding opcodes...
[UI][Info] Pass2: handling xrefs...
[UI][Info] Pass3: applying xrefs...
[UI][Info] Finished!
[BatteryBackedRAM][Info] RAM image saved to ram.dmp
[BatteryBackedRAM][Info] RAM image saved to ram.dmp
[Keyboard][Info] KI: 7, KO: 4
[BatteryBackedRAM][Info] RAM image saved to ram.dmp
[BatteryBackedRAM][Info] RAM image saved to ram.dmp
[BatteryBackedRAM][Info] RAM image saved to ram.dmp
[BatteryBackedRAM][Info] RAM image saved to ram.dmp
[BatteryBackedRAM][Info] RAM image saved to ram.dmp
[BatteryBackedRAM][Info] RAM image saved to ram.dmp
[BatteryBackedRAM][Info] RAM image saved to ram.dmp
[BatteryBackedRAM][Info] RAM image saved to ram.dmp
[BatteryBackedRAM][Info] RAM image saved to ram.dmp
[BatteryBackedRAM][Info] RAM image saved to ram.dmp
[BatteryBackedRAM][Info] RAM image saved to ram.dmp
[BatteryBackedRAM][Info] RAM image saved to ram.dmp
[BatteryBackedRAM][Info] RAM image saved to ram.dmp
' '
00:36:32 **** Incremental Build of configuration Debug for project TicTacToe ****
make all 
make: Nothing to be done for 'all'.
00:36:32 **** Incremental Build of configuration Release for project basicCtest ****
make all 
'Building file: ../main.c'
'Invoking: Compiler'
ccu8 -SD -ABW -TML620906 -ML -near -Fa"./" -Od -Zs -W1 "../main.c"
CCU8 C Compiler, Ver.3.66
Copyright (C) 2008-2020 LAPIS Technology Co., Ltd.

..\main.c
..\main.c(12) : Error : E4010 : Unexpected 'i'

Error(s)     :  1
Warning(s)   :  0

subdir.mk:43: recipe for target 'main.asm' failed
make: *** [main.asm] Error 2
"make all" terminated with exit code 2. Build might be incomplete.
00:37:14 **** Incremental Build of configuration Debug for project TicTacToe ****
make all 
make: Nothing to be done for 'all'.
00:37:14 **** Incremental Build of configuration Release for project basicCtest ****
make all 
'Building file: ../main.c'
'Invoking: Compiler'
ccu8 -SD -ABW -TML620906 -ML -near -Fa"./" -Od -Zs -W1 "../main.c"
CCU8 C Compiler, Ver.3.66
Copyright (C) 2008-2020 LAPIS Technology Co., Ltd.

..\main.c

Error(s)     :  0
Warning(s)   :  0

'Finished building: ../main.c'
' '
'Building file: main.asm'
'Invoking: Assembler'
rasu8 -CD -ABW -SD -DN -ML -O"./" -WRPEAST -PR"main.prn" -L -NS -NR -NPL -NPW "main.asm"
RASU8 Relocatable Assembler, Ver.1.80
Copyright (C) 2008-2018 LAPIS Semiconductor Co., Ltd.

[E:/LAPIS/LEXIDE/Dcl\ML620906.dcl] loading...
  pass1...
  pass2...

  Print   File : main.prn
  Object  File : .\main.obj
  Error   File : Console

  Errors   : 0
  Warnings : 0  (/Wrpeast)
  Lines    : 135
  Assembly End.

'Finished building: main.asm'
' '
'Invoking: Linker'
rlu8 -D -SD -NS -CC -ABW  "./main.obj" "./startup.obj" ,"basicCtest.abs",,"LU8100LW.LIB";
RLU8 Object Linker, Ver.1.60
Copyright (C) 2008-2018 LAPIS Semiconductor Co., Ltd.

 Loading segments and symbols...
Warning W025: Cannot find segment '$$content_of_init'
Warning W025: Cannot find segment '$$end_of_init'
Warning W025: Cannot find segment '$$init_info'
Warning W025: Cannot find segment '$$init_info_end'
 Allocating segments...
Warning W011: CODE/TABLE segments overlap
 Writing fixed data...

 Absfile: basicCtest.abs
 Mapfile: basicCtest.map

 Total ROM usage = 001FE   (510)
 Total RAM usage = 00400   (1024)

 Linkage completed.
'Finished building: basicCtest.abs'
' '
'Building target: basicCtest.HEX'
'Invoking: Object converter'
CnvOHU8 -H  basicCtest.abs  "basicCtest.HEX";
OHU8 converter shell for LEXIDE-U16 v1.00
Ohu8.exe "/H" "basicCtest.abs" "basicCtest.HEX;"
OHU8 Object Converter, Ver.1.30
Copyright (C) 2008-2023 LAPIS Technology Co., Ltd.

Object was created by RLU8

Convert End.
'Finished building target: basicCtest.HEX'
' '
make --no-print-directory post-build
cd .. && %SYSTEMROOT%\System32\WindowsPowerShell\v1.0\powershell.exe Set-ExecutionPolicy -Scope CurrentUser -ExecutionPolicy RemoteSigned && %SYSTEMROOT%\System32\WindowsPowerShell\v1.0\powershell.exe -File Release.ps1
hex2bin v2.5, Copyright (C) 2017 Jacques Pelletier & contributors

Allocate_Memory_and_Rewind:
Lowest address:   00000000
Highest address:  000001FB
Overlapped record detected
Overlapped record detected
Starting address: 00000000
Max Length:       508

Binary file start = 00000000
Records start     = 00000000
Highest address   = 000001FB
Pad Byte          = FF
INFO: Release All called!
[Keyboard][Warn] Key 31 is being bind to a invalid or empty key ''
[Keyboard][Warn] Key 61 is being bind to a invalid or empty key ''
[Keyboard][Warn] Key 5 is being bind to a invalid or empty key ''
[Keyboard][Warn] Key 15 is being bind to a invalid or empty key ''
[Keyboard][Warn] Key 25 is being bind to a invalid or empty key ''
[Keyboard][Warn] Key 35 is being bind to a invalid or empty key ''
[Keyboard][Warn] Key 45 is being bind to a invalid or empty key ''
[Keyboard][Warn] Key 55 is being bind to a invalid or empty key ''
[Keyboard][Warn] Key 4 is being bind to a invalid or empty key ''
[Keyboard][Warn] Key 14 is being bind to a invalid or empty key ''
[Keyboard][Warn] Key 24 is being bind to a invalid or empty key ''
[Keyboard][Warn] Key 34 is being bind to a invalid or empty key ''
[Keyboard][Warn] Key 44 is being bind to a invalid or empty key ''
[Keyboard][Warn] Key 54 is being bind to a invalid or empty key ''
[Keyboard][Warn] Key 3 is being bind to a invalid or empty key ''
[Keyboard][Warn] Key 13 is being bind to a invalid or empty key ''
[Keyboard][Warn] Key 23 is being bind to a invalid or empty key ''
[Keyboard][Warn] Key 33 is being bind to a invalid or empty key ''
[Keyboard][Warn] Key 43 is being bind to a invalid or empty key ''
[Keyboard][Warn] Key 53 is being bind to a invalid or empty key ''
[BatteryBackedRAM][Info] RAM image loaded from ram.dmp
[UI][Info] Start to disasm ...
[UI][Info] Pass1: decoding opcodes...
[UI][Info] Pass2: handling xrefs...
[UI][Info] Pass3: applying xrefs...
[UI][Info] Finished!
[BatteryBackedRAM][Info] RAM image saved to ram.dmp
[BatteryBackedRAM][Info] RAM image saved to ram.dmp
[BatteryBackedRAM][Info] RAM image saved to ram.dmp
[BatteryBackedRAM][Info] RAM image saved to ram.dmp
[BatteryBackedRAM][Info] RAM image saved to ram.dmp
[BatteryBackedRAM][Info] RAM image saved to ram.dmp
[BatteryBackedRAM][Info] RAM image saved to ram.dmp
[BatteryBackedRAM][Info] RAM image saved to ram.dmp
[BatteryBackedRAM][Info] RAM image saved to ram.dmp
[BatteryBackedRAM][Info] RAM image saved to ram.dmp
[BatteryBackedRAM][Info] RAM image saved to ram.dmp
[BatteryBackedRAM][Info] RAM image saved to ram.dmp
[BatteryBackedRAM][Info] RAM image saved to ram.dmp
[BatteryBackedRAM][Info] RAM image saved to ram.dmp
[BatteryBackedRAM][Info] RAM image saved to ram.dmp
[BatteryBackedRAM][Info] RAM image saved to ram.dmp
' '
00:40:08 **** Incremental Build of configuration Debug for project TicTacToe ****
make all 
make: Nothing to be done for 'all'.
00:40:08 **** Incremental Build of configuration Release for project basicCtest ****
make all 
'Building file: ../main.c'
'Invoking: Compiler'
ccu8 -SD -ABW -TML620906 -ML -near -Fa"./" -Od -Zs -W1 "../main.c"
CCU8 C Compiler, Ver.3.66
Copyright (C) 2008-2020 LAPIS Technology Co., Ltd.

..\main.c

Error(s)     :  0
Warning(s)   :  0

'Finished building: ../main.c'
' '
'Building file: main.asm'
'Invoking: Assembler'
rasu8 -CD -ABW -SD -DN -ML -O"./" -WRPEAST -PR"main.prn" -L -NS -NR -NPL -NPW "main.asm"
RASU8 Relocatable Assembler, Ver.1.80
Copyright (C) 2008-2018 LAPIS Semiconductor Co., Ltd.

[E:/LAPIS/LEXIDE/Dcl\ML620906.dcl] loading...
  pass1...
  pass2...

  Print   File : main.prn
  Object  File : .\main.obj
  Error   File : Console

  Errors   : 0
  Warnings : 0  (/Wrpeast)
  Lines    : 202
  Assembly End.

'Finished building: main.asm'
' '
'Invoking: Linker'
rlu8 -D -SD -NS -CC -ABW  "./main.obj" "./startup.obj" ,"basicCtest.abs",,"LU8100LW.LIB";
RLU8 Object Linker, Ver.1.60
Copyright (C) 2008-2018 LAPIS Semiconductor Co., Ltd.

 Loading segments and symbols...
Warning W025: Cannot find segment '$$content_of_init'
Warning W025: Cannot find segment '$$end_of_init'
Warning W025: Cannot find segment '$$init_info'
Warning W025: Cannot find segment '$$init_info_end'
 Allocating segments...
Warning W011: CODE/TABLE segments overlap
 Writing fixed data...

 Absfile: basicCtest.abs
 Mapfile: basicCtest.map

 Total ROM usage = 00272   (626)
 Total RAM usage = 00400   (1024)

 Linkage completed.
'Finished building: basicCtest.abs'
' '
'Building target: basicCtest.HEX'
'Invoking: Object converter'
CnvOHU8 -H  basicCtest.abs  "basicCtest.HEX";
OHU8 converter shell for LEXIDE-U16 v1.00
Ohu8.exe "/H" "basicCtest.abs" "basicCtest.HEX;"
OHU8 Object Converter, Ver.1.30
Copyright (C) 2008-2023 LAPIS Technology Co., Ltd.

Object was created by RLU8

Convert End.
'Finished building target: basicCtest.HEX'
' '
make --no-print-directory post-build
cd .. && %SYSTEMROOT%\System32\WindowsPowerShell\v1.0\powershell.exe Set-ExecutionPolicy -Scope CurrentUser -ExecutionPolicy RemoteSigned && %SYSTEMROOT%\System32\WindowsPowerShell\v1.0\powershell.exe -File Release.ps1
hex2bin v2.5, Copyright (C) 2017 Jacques Pelletier & contributors

Allocate_Memory_and_Rewind:
Lowest address:   00000000
Highest address:  0000026F
Starting address: 00000000
Max Length:       624

Overlapped record detected
Binary file start = 00000000
Records start     = 00000000
Highest address   = 0000026F
Pad Byte          = FF
Overlapped record detected
INFO: Release All called!
INFO: Release All called!
INFO: Release All called!
[Keyboard][Warn] Key 31 is being bind to a invalid or empty key ''
[Keyboard][Warn] Key 61 is being bind to a invalid or empty key ''
[Keyboard][Warn] Key 5 is being bind to a invalid or empty key ''
[Keyboard][Warn] Key 15 is being bind to a invalid or empty key ''
[Keyboard][Warn] Key 25 is being bind to a invalid or empty key ''
[Keyboard][Warn] Key 35 is being bind to a invalid or empty key ''
[Keyboard][Warn] Key 45 is being bind to a invalid or empty key ''
[Keyboard][Warn] Key 55 is being bind to a invalid or empty key ''
[Keyboard][Warn] Key 4 is being bind to a invalid or empty key ''
[Keyboard][Warn] Key 14 is being bind to a invalid or empty key ''
[Keyboard][Warn] Key 24 is being bind to a invalid or empty key ''
[Keyboard][Warn] Key 34 is being bind to a invalid or empty key ''
[Keyboard][Warn] Key 44 is being bind to a invalid or empty key ''
[Keyboard][Warn] Key 54 is being bind to a invalid or empty key ''
[Keyboard][Warn] Key 3 is being bind to a invalid or empty key ''
[Keyboard][Warn] Key 13 is being bind to a invalid or empty key ''
[Keyboard][Warn] Key 23 is being bind to a invalid or empty key ''
[Keyboard][Warn] Key 33 is being bind to a invalid or empty key ''
[Keyboard][Warn] Key 43 is being bind to a invalid or empty key ''
[Keyboard][Warn] Key 53 is being bind to a invalid or empty key ''
[BatteryBackedRAM][Info] RAM image loaded from ram.dmp
[UI][Info] Start to disasm ...
[UI][Info] Pass1: decoding opcodes...
[UI][Info] Pass2: handling xrefs...
[UI][Info] Pass3: applying xrefs...
[UI][Info] Finished!
[Keyboard][Info] KI: 7, KO: 4
[BatteryBackedRAM][Info] RAM image saved to ram.dmp
' '
00:46:02 **** Incremental Build of configuration Debug for project TicTacToe ****
make all 
make: Nothing to be done for 'all'.
00:46:03 **** Incremental Build of configuration Release for project basicCtest ****
make all 
'Building file: ../main.c'
'Invoking: Compiler'
ccu8 -SD -ABW -TML620906 -ML -near -Fa"./" -Od -Zs -W1 "../main.c"
CCU8 C Compiler, Ver.3.66
Copyright (C) 2008-2020 LAPIS Technology Co., Ltd.

..\main.c
..\main.c(24) : Warning : W4012 : 'const' ignored on local variable 'RAM'

Error(s)     :  0
Warning(s)   :  1

'Finished building: ../main.c'
' '
'Building file: main.asm'
'Invoking: Assembler'
rasu8 -CD -ABW -SD -DN -ML -O"./" -WRPEAST -PR"main.prn" -L -NS -NR -NPL -NPW "main.asm"
RASU8 Relocatable Assembler, Ver.1.80
Copyright (C) 2008-2018 LAPIS Semiconductor Co., Ltd.

[E:/LAPIS/LEXIDE/Dcl\ML620906.dcl] loading...
  pass1...
  pass2...

  Print   File : main.prn
  Object  File : .\main.obj
  Error   File : Console

  Errors   : 0
  Warnings : 0  (/Wrpeast)
  Lines    : 115
  Assembly End.

'Finished building: main.asm'
' '
'Invoking: Linker'
rlu8 -D -SD -NS -CC -ABW  "./main.obj" "./startup.obj" ,"basicCtest.abs",,"LU8100LW.LIB";
RLU8 Object Linker, Ver.1.60
Copyright (C) 2008-2018 LAPIS Semiconductor Co., Ltd.

 Loading segments and symbols...
Warning W025: Cannot find segment '$$content_of_init'
Warning W025: Cannot find segment '$$end_of_init'
Warning W025: Cannot find segment '$$init_info'
Warning W025: Cannot find segment '$$init_info_end'
 Allocating segments...
Warning W011: CODE/TABLE segments overlap
 Writing fixed data...

 Absfile: basicCtest.abs
 Mapfile: basicCtest.map

 Total ROM usage = 001CC   (460)
 Total RAM usage = 00400   (1024)

 Linkage completed.
'Finished building: basicCtest.abs'
' '
'Building target: basicCtest.HEX'
'Invoking: Object converter'
CnvOHU8 -H  basicCtest.abs  "basicCtest.HEX";
OHU8 converter shell for LEXIDE-U16 v1.00
Ohu8.exe "/H" "basicCtest.abs" "basicCtest.HEX;"
OHU8 Object Converter, Ver.1.30
Copyright (C) 2008-2023 LAPIS Technology Co., Ltd.

Object was created by RLU8

Convert End.
'Finished building target: basicCtest.HEX'
' '
make --no-print-directory post-build
cd .. && %SYSTEMROOT%\System32\WindowsPowerShell\v1.0\powershell.exe Set-ExecutionPolicy -Scope CurrentUser -ExecutionPolicy RemoteSigned && %SYSTEMROOT%\System32\WindowsPowerShell\v1.0\powershell.exe -File Release.ps1
hex2bin v2.5, Copyright (C) 2017 Jacques Pelletier & contributors
Overlapped record detected
Overlapped record detected

Allocate_Memory_and_Rewind:
Lowest address:   00000000
Highest address:  000001C9
Starting address: 00000000
Max Length:       458

Binary file start = 00000000
Records start     = 00000000
Highest address   = 000001C9
Pad Byte          = FF
INFO: Release All called!
[Keyboard][Warn] Key 31 is being bind to a invalid or empty key ''
[Keyboard][Warn] Key 61 is being bind to a invalid or empty key ''
[Keyboard][Warn] Key 5 is being bind to a invalid or empty key ''
[Keyboard][Warn] Key 15 is being bind to a invalid or empty key ''
[Keyboard][Warn] Key 25 is being bind to a invalid or empty key ''
[Keyboard][Warn] Key 35 is being bind to a invalid or empty key ''
[Keyboard][Warn] Key 45 is being bind to a invalid or empty key ''
[Keyboard][Warn] Key 55 is being bind to a invalid or empty key ''
[Keyboard][Warn] Key 4 is being bind to a invalid or empty key ''
[Keyboard][Warn] Key 14 is being bind to a invalid or empty key ''
[Keyboard][Warn] Key 24 is being bind to a invalid or empty key ''
[Keyboard][Warn] Key 34 is being bind to a invalid or empty key ''
[Keyboard][Warn] Key 44 is being bind to a invalid or empty key ''
[Keyboard][Warn] Key 54 is being bind to a invalid or empty key ''
[Keyboard][Warn] Key 3 is being bind to a invalid or empty key ''
[Keyboard][Warn] Key 13 is being bind to a invalid or empty key ''
[Keyboard][Warn] Key 23 is being bind to a invalid or empty key ''
[Keyboard][Warn] Key 33 is being bind to a invalid or empty key ''
[Keyboard][Warn] Key 43 is being bind to a invalid or empty key ''
[Keyboard][Warn] Key 53 is being bind to a invalid or empty key ''
[BatteryBackedRAM][Info] RAM image loaded from ram.dmp
[UI][Info] Start to disasm ...
[UI][Info] Pass1: decoding opcodes...
[UI][Info] Pass2: handling xrefs...
[UI][Info] Pass3: applying xrefs...
[UI][Info] Finished!
' '
