11:41:55 **** Incremental Build of configuration Debug for project TicTacToe ****
make all 
'Building file: ../main.c'
'Invoking: Compiler'
ccu8 -SD -ABW -TML620906 -ML -far -Fa"./" -Om -Zs -Oa -W1 "../main.c"
CCU8 C Compiler, Ver.3.66
Copyright (C) 2008-2020 LAPIS Technology Co., Ltd.

..\main.c
..\main.c(61) : Warning : W5002 : 'argument' : different levels of indirection
..\main.c(62) : Warning : W5002 : 'argument' : different levels of indirection
..\main.c(66) : Warning : W5002 : 'argument' : different levels of indirection

Error(s)     :  0
Warning(s)   :  3

'Finished building: ../main.c'
' '
'Building file: main.asm'
'Invoking: Assembler'
rasu8 -CD -ABW -SD -DF -ML -O"./" -WRPEAST -PR"main.prn" -L -NS -NR -NPL -NPW "main.asm"
RASU8 Relocatable Assembler, Ver.1.80
Copyright (C) 2008-2018 LAPIS Semiconductor Co., Ltd.

[E:/Lexide/Dcl\ML620906.dcl] loading...
  pass1...
  pass2...
main.asm(103):103: Warning 25 : illegal access to SFR
	st	er0,	00h:0f014h

  Print   File : main.prn
  Object  File : .\main.obj
  Error   File : Console

  Errors   : 0
  Warnings : 1  (/Wrpeast)
  Lines    : 442
  Assembly End.

'Finished building: main.asm'
' '
'Invoking: Linker'
rlu8 -D -SD -NS -CC -ABW  "./main.obj" "./startup.obj" ,"TicTacToe.abs",,"LU8100LW.LIB";
RLU8 Object Linker, Ver.1.60
Copyright (C) 2008-2018 LAPIS Semiconductor Co., Ltd.

 Loading segments and symbols...
Warning W025: Cannot find segment '$$content_of_init'
Warning W025: Cannot find segment '$$end_of_init'
Warning W025: Cannot find segment '$$init_info'
Warning W025: Cannot find segment '$$init_info_end'
 Allocating segments...
Warning W011: CODE/TABLE segments overlap
 Writing fixed data...

 Absfile: TicTacToe.abs
 Mapfile: TicTacToe.map

 Total ROM usage = 0042A   (1066)
 Total RAM usage = 00400   (1024)

 Linkage completed.
'Finished building: TicTacToe.abs'
' '
'Building target: TicTacToe.HEX'
'Invoking: Object converter'
CnvOHU8 -H  TicTacToe.abs  "TicTacToe.HEX";
OHU8 converter shell for LEXIDE-U16 v1.00
Ohu8.exe "/H" "TicTacToe.abs" "TicTacToe.HEX;"
OHU8 Object Converter, Ver.1.30
Copyright (C) 2008-2023 LAPIS Technology Co., Ltd.

Object was created by RLU8

Convert End.
'Finished building target: TicTacToe.HEX'
' '
make --no-print-directory post-build
'Run it'
cd.. && build.bat
hex2bin v1.0.1, Copyright (C) 1999 Jacques Pelletier
Lowest address = 00000000
Highest address = 00000427
        1 file(s) copied.
Press any key to continue . . . 
' '

11:41:56 Build Finished. 0 errors, 9 warnings. (took 1s.180ms)

